This is pdfTeX, Version 3.141592653-2.6-1.40.25 (TeX Live 2023/Debian) (preloaded format=pdflatex 2025.11.20)  2 DEC 2025 00:48
entering extended mode
 restricted \write18 enabled.
 %&-line parsing enabled.
**latexdump/treelatexdumpEncoded.txt
(./latexdump/treelatexdumpEncoded.txt
LaTeX2e <2023-11-01> patch level 1
L3 programming layer <2024-01-22>
(/usr/share/texlive/texmf-dist/tex/latex/base/article.cls
Document Class: article 2023/05/17 v1.4n Standard LaTeX document class
(/usr/share/texlive/texmf-dist/tex/latex/base/size12.clo
File: size12.clo 2023/05/17 v1.4n Standard LaTeX file (size option)
)
\c@part=\count187
\c@section=\count188
\c@subsection=\count189
\c@subsubsection=\count190
\c@paragraph=\count191
\c@subparagraph=\count192
\c@figure=\count193
\c@table=\count194
\abovecaptionskip=\skip48
\belowcaptionskip=\skip49
\bibindent=\dimen140
)
(/usr/share/texlive/texmf-dist/tex/latex/base/inputenc.sty
Package: inputenc 2021/02/14 v1.3d Input encoding file
\inpenc@prehook=\toks17
\inpenc@posthook=\toks18
)
(/usr/share/texlive/texmf-dist/tex/latex/base/fontenc.sty
Package: fontenc 2021/04/29 v2.0v Standard LaTeX package

(/usr/share/texlive/texmf-dist/tex/latex/cyrillic/t2aenc.def
File: t2aenc.def 2022/06/11 v1.0j Cyrillic encoding definition file
Now handling font encoding T2A ...
... processing UTF-8 mapping file for font encoding T2A

(/usr/share/texlive/texmf-dist/tex/latex/base/t2aenc.dfu
File: t2aenc.dfu 2022/06/07 v1.3c UTF-8 support
   defining Unicode char U+00A4 (decimal 164)
   defining Unicode char U+00A7 (decimal 167)
   defining Unicode char U+00AB (decimal 171)
   defining Unicode char U+00BB (decimal 187)
   defining Unicode char U+0131 (decimal 305)
   defining Unicode char U+0237 (decimal 567)
   defining Unicode char U+0400 (decimal 1024)
   defining Unicode char U+0401 (decimal 1025)
   defining Unicode char U+0402 (decimal 1026)
   defining Unicode char U+0403 (decimal 1027)
   defining Unicode char U+0404 (decimal 1028)
   defining Unicode char U+0405 (decimal 1029)
   defining Unicode char U+0406 (decimal 1030)
   defining Unicode char U+0407 (decimal 1031)
   defining Unicode char U+0408 (decimal 1032)
   defining Unicode char U+0409 (decimal 1033)
   defining Unicode char U+040A (decimal 1034)
   defining Unicode char U+040B (decimal 1035)
   defining Unicode char U+040C (decimal 1036)
   defining Unicode char U+040D (decimal 1037)
   defining Unicode char U+040E (decimal 1038)
   defining Unicode char U+040F (decimal 1039)
   defining Unicode char U+0410 (decimal 1040)
   defining Unicode char U+0411 (decimal 1041)
   defining Unicode char U+0412 (decimal 1042)
   defining Unicode char U+0413 (decimal 1043)
   defining Unicode char U+0414 (decimal 1044)
   defining Unicode char U+0415 (decimal 1045)
   defining Unicode char U+0416 (decimal 1046)
   defining Unicode char U+0417 (decimal 1047)
   defining Unicode char U+0418 (decimal 1048)
   defining Unicode char U+0419 (decimal 1049)
   defining Unicode char U+041A (decimal 1050)
   defining Unicode char U+041B (decimal 1051)
   defining Unicode char U+041C (decimal 1052)
   defining Unicode char U+041D (decimal 1053)
   defining Unicode char U+041E (decimal 1054)
   defining Unicode char U+041F (decimal 1055)
   defining Unicode char U+0420 (decimal 1056)
   defining Unicode char U+0421 (decimal 1057)
   defining Unicode char U+0422 (decimal 1058)
   defining Unicode char U+0423 (decimal 1059)
   defining Unicode char U+0424 (decimal 1060)
   defining Unicode char U+0425 (decimal 1061)
   defining Unicode char U+0426 (decimal 1062)
   defining Unicode char U+0427 (decimal 1063)
   defining Unicode char U+0428 (decimal 1064)
   defining Unicode char U+0429 (decimal 1065)
   defining Unicode char U+042A (decimal 1066)
   defining Unicode char U+042B (decimal 1067)
   defining Unicode char U+042C (decimal 1068)
   defining Unicode char U+042D (decimal 1069)
   defining Unicode char U+042E (decimal 1070)
   defining Unicode char U+042F (decimal 1071)
   defining Unicode char U+0430 (decimal 1072)
   defining Unicode char U+0431 (decimal 1073)
   defining Unicode char U+0432 (decimal 1074)
   defining Unicode char U+0433 (decimal 1075)
   defining Unicode char U+0434 (decimal 1076)
   defining Unicode char U+0435 (decimal 1077)
   defining Unicode char U+0436 (decimal 1078)
   defining Unicode char U+0437 (decimal 1079)
   defining Unicode char U+0438 (decimal 1080)
   defining Unicode char U+0439 (decimal 1081)
   defining Unicode char U+043A (decimal 1082)
   defining Unicode char U+043B (decimal 1083)
   defining Unicode char U+043C (decimal 1084)
   defining Unicode char U+043D (decimal 1085)
   defining Unicode char U+043E (decimal 1086)
   defining Unicode char U+043F (decimal 1087)
   defining Unicode char U+0440 (decimal 1088)
   defining Unicode char U+0441 (decimal 1089)
   defining Unicode char U+0442 (decimal 1090)
   defining Unicode char U+0443 (decimal 1091)
   defining Unicode char U+0444 (decimal 1092)
   defining Unicode char U+0445 (decimal 1093)
   defining Unicode char U+0446 (decimal 1094)
   defining Unicode char U+0447 (decimal 1095)
   defining Unicode char U+0448 (decimal 1096)
   defining Unicode char U+0449 (decimal 1097)
   defining Unicode char U+044A (decimal 1098)
   defining Unicode char U+044B (decimal 1099)
   defining Unicode char U+044C (decimal 1100)
   defining Unicode char U+044D (decimal 1101)
   defining Unicode char U+044E (decimal 1102)
   defining Unicode char U+044F (decimal 1103)
   defining Unicode char U+0450 (decimal 1104)
   defining Unicode char U+0451 (decimal 1105)
   defining Unicode char U+0452 (decimal 1106)
   defining Unicode char U+0453 (decimal 1107)
   defining Unicode char U+0454 (decimal 1108)
   defining Unicode char U+0455 (decimal 1109)
   defining Unicode char U+0456 (decimal 1110)
   defining Unicode char U+0457 (decimal 1111)
   defining Unicode char U+0458 (decimal 1112)
   defining Unicode char U+0459 (decimal 1113)
   defining Unicode char U+045A (decimal 1114)
   defining Unicode char U+045B (decimal 1115)
   defining Unicode char U+045C (decimal 1116)
   defining Unicode char U+045D (decimal 1117)
   defining Unicode char U+045E (decimal 1118)
   defining Unicode char U+045F (decimal 1119)
   defining Unicode char U+0490 (decimal 1168)
   defining Unicode char U+0491 (decimal 1169)
   defining Unicode char U+0492 (decimal 1170)
   defining Unicode char U+0493 (decimal 1171)
   defining Unicode char U+0496 (decimal 1174)
   defining Unicode char U+0497 (decimal 1175)
   defining Unicode char U+0498 (decimal 1176)
   defining Unicode char U+0499 (decimal 1177)
   defining Unicode char U+049A (decimal 1178)
   defining Unicode char U+049B (decimal 1179)
   defining Unicode char U+049C (decimal 1180)
   defining Unicode char U+049D (decimal 1181)
   defining Unicode char U+04A0 (decimal 1184)
   defining Unicode char U+04A1 (decimal 1185)
   defining Unicode char U+04A2 (decimal 1186)
   defining Unicode char U+04A3 (decimal 1187)
   defining Unicode char U+04A4 (decimal 1188)
   defining Unicode char U+04A5 (decimal 1189)
   defining Unicode char U+04AA (decimal 1194)
   defining Unicode char U+04AB (decimal 1195)
   defining Unicode char U+04AE (decimal 1198)
   defining Unicode char U+04AF (decimal 1199)
   defining Unicode char U+04B0 (decimal 1200)
   defining Unicode char U+04B1 (decimal 1201)
   defining Unicode char U+04B2 (decimal 1202)
   defining Unicode char U+04B3 (decimal 1203)
   defining Unicode char U+04B6 (decimal 1206)
   defining Unicode char U+04B7 (decimal 1207)
   defining Unicode char U+04B8 (decimal 1208)
   defining Unicode char U+04B9 (decimal 1209)
   defining Unicode char U+04BA (decimal 1210)
   defining Unicode char U+04BB (decimal 1211)
   defining Unicode char U+04C0 (decimal 1216)
   defining Unicode char U+04C1 (decimal 1217)
   defining Unicode char U+04C2 (decimal 1218)
   defining Unicode char U+04D0 (decimal 1232)
   defining Unicode char U+04D1 (decimal 1233)
   defining Unicode char U+04D2 (decimal 1234)
   defining Unicode char U+04D3 (decimal 1235)
   defining Unicode char U+04D4 (decimal 1236)
   defining Unicode char U+04D5 (decimal 1237)
   defining Unicode char U+04D6 (decimal 1238)
   defining Unicode char U+04D7 (decimal 1239)
   defining Unicode char U+04D8 (decimal 1240)
   defining Unicode char U+04D9 (decimal 1241)
   defining Unicode char U+04DA (decimal 1242)
   defining Unicode char U+04DB (decimal 1243)
   defining Unicode char U+04DC (decimal 1244)
   defining Unicode char U+04DD (decimal 1245)
   defining Unicode char U+04DE (decimal 1246)
   defining Unicode char U+04DF (decimal 1247)
   defining Unicode char U+04E2 (decimal 1250)
   defining Unicode char U+04E3 (decimal 1251)
   defining Unicode char U+04E4 (decimal 1252)
   defining Unicode char U+04E5 (decimal 1253)
   defining Unicode char U+04E6 (decimal 1254)
   defining Unicode char U+04E7 (decimal 1255)
   defining Unicode char U+04E8 (decimal 1256)
   defining Unicode char U+04E9 (decimal 1257)
   defining Unicode char U+04EC (decimal 1260)
   defining Unicode char U+04ED (decimal 1261)
   defining Unicode char U+04EE (decimal 1262)
   defining Unicode char U+04EF (decimal 1263)
   defining Unicode char U+04F0 (decimal 1264)
   defining Unicode char U+04F1 (decimal 1265)
   defining Unicode char U+04F2 (decimal 1266)
   defining Unicode char U+04F3 (decimal 1267)
   defining Unicode char U+04F4 (decimal 1268)
   defining Unicode char U+04F5 (decimal 1269)
   defining Unicode char U+04F8 (decimal 1272)
   defining Unicode char U+04F9 (decimal 1273)
   defining Unicode char U+200C (decimal 8204)
   defining Unicode char U+2013 (decimal 8211)
   defining Unicode char U+2014 (decimal 8212)
   defining Unicode char U+2018 (decimal 8216)
   defining Unicode char U+2019 (decimal 8217)
   defining Unicode char U+201C (decimal 8220)
   defining Unicode char U+201D (decimal 8221)
   defining Unicode char U+201E (decimal 8222)
   defining Unicode char U+2030 (decimal 8240)
   defining Unicode char U+2031 (decimal 8241)
   defining Unicode char U+2116 (decimal 8470)
   defining Unicode char U+2329 (decimal 9001)
   defining Unicode char U+3008 (decimal 12296)
   defining Unicode char U+232A (decimal 9002)
   defining Unicode char U+3009 (decimal 12297)
   defining Unicode char U+2423 (decimal 9251)
   defining Unicode char U+27E8 (decimal 10216)
   defining Unicode char U+27E9 (decimal 10217)
   defining Unicode char U+FB00 (decimal 64256)
   defining Unicode char U+FB01 (decimal 64257)
   defining Unicode char U+FB02 (decimal 64258)
   defining Unicode char U+FB03 (decimal 64259)
   defining Unicode char U+FB04 (decimal 64260)
   defining Unicode char U+FB05 (decimal 64261)
   defining Unicode char U+FB06 (decimal 64262)
))
LaTeX Font Info:    Trying to load font information for T2A+cmr on input line 1
12.

(/usr/share/texlive/texmf-dist/tex/latex/cyrillic/t2acmr.fd
File: t2acmr.fd 2001/08/11 v1.0a Computer Modern Cyrillic font definitions
))
(/usr/share/texlive/texmf-dist/tex/generic/babel/babel.sty
Package: babel 2024/01/07 v24.1 The Babel package
\babel@savecnt=\count195
\U@D=\dimen141
\l@unhyphenated=\language14

(/usr/share/texlive/texmf-dist/tex/generic/babel/txtbabel.def)
\bbl@readstream=\read2
\bbl@dirlevel=\count196

(/usr/share/texlive/texmf-dist/tex/generic/babel-russian/russianb.ldf
File: russianb.ldf 2021/01/10 1.3m Russian support for the Babel system
Language: russian 2020/09/09 1.3k Russian support for the Babel system
Package babel Info: Making " an active character on input line 124.
Package babel Info: Default for \cyrdash is provided on input line 163.
))
(/usr/share/texlive/texmf-dist/tex/generic/babel/locale/ru/babel-russian.tex
Package babel Info: Importing font and identification data for russian
(babel)             from babel-ru.ini. Reported on input line 11.
)
(/usr/share/texlive/texmf-dist/tex/latex/geometry/geometry.sty
Package: geometry 2020/01/02 v5.9 Page Geometry

(/usr/share/texlive/texmf-dist/tex/latex/graphics/keyval.sty
Package: keyval 2022/05/29 v1.15 key=value parser (DPC)
\KV@toks@=\toks19
)
(/usr/share/texlive/texmf-dist/tex/generic/iftex/ifvtex.sty
Package: ifvtex 2019/10/25 v1.7 ifvtex legacy package. Use iftex instead.

(/usr/share/texlive/texmf-dist/tex/generic/iftex/iftex.sty
Package: iftex 2022/02/03 v1.0f TeX engine tests
))
\Gm@cnth=\count197
\Gm@cntv=\count198
\c@Gm@tempcnt=\count199
\Gm@bindingoffset=\dimen142
\Gm@wd@mp=\dimen143
\Gm@odd@mp=\dimen144
\Gm@even@mp=\dimen145
\Gm@layoutwidth=\dimen146
\Gm@layoutheight=\dimen147
\Gm@layouthoffset=\dimen148
\Gm@layoutvoffset=\dimen149
\Gm@dimlist=\toks20
)
(/usr/share/texlive/texmf-dist/tex/latex/pgf/frontendlayer/tikz.sty
(/usr/share/texlive/texmf-dist/tex/latex/pgf/basiclayer/pgf.sty
(/usr/share/texlive/texmf-dist/tex/latex/pgf/utilities/pgfrcs.sty
(/usr/share/texlive/texmf-dist/tex/generic/pgf/utilities/pgfutil-common.tex
\pgfutil@everybye=\toks21
\pgfutil@tempdima=\dimen150
\pgfutil@tempdimb=\dimen151
)
(/usr/share/texlive/texmf-dist/tex/generic/pgf/utilities/pgfutil-latex.def
\pgfutil@abb=\box51
)
(/usr/share/texlive/texmf-dist/tex/generic/pgf/utilities/pgfrcs.code.tex
(/usr/share/texlive/texmf-dist/tex/generic/pgf/pgf.revision.tex)
Package: pgfrcs 2023-01-15 v3.1.10 (3.1.10)
))
Package: pgf 2023-01-15 v3.1.10 (3.1.10)

(/usr/share/texlive/texmf-dist/tex/latex/pgf/basiclayer/pgfcore.sty
(/usr/share/texlive/texmf-dist/tex/latex/graphics/graphicx.sty
Package: graphicx 2021/09/16 v1.2d Enhanced LaTeX Graphics (DPC,SPQR)

(/usr/share/texlive/texmf-dist/tex/latex/graphics/graphics.sty
Package: graphics 2022/03/10 v1.4e Standard LaTeX Graphics (DPC,SPQR)

(/usr/share/texlive/texmf-dist/tex/latex/graphics/trig.sty
Package: trig 2021/08/11 v1.11 sin cos tan (DPC)
)
(/usr/share/texlive/texmf-dist/tex/latex/graphics-cfg/graphics.cfg
File: graphics.cfg 2016/06/04 v1.11 sample graphics configuration
)
Package graphics Info: Driver file: pdftex.def on input line 107.

(/usr/share/texlive/texmf-dist/tex/latex/graphics-def/pdftex.def
File: pdftex.def 2022/09/22 v1.2b Graphics/color driver for pdftex
))
\Gin@req@height=\dimen152
\Gin@req@width=\dimen153
)
(/usr/share/texlive/texmf-dist/tex/latex/pgf/systemlayer/pgfsys.sty
(/usr/share/texlive/texmf-dist/tex/generic/pgf/systemlayer/pgfsys.code.tex
Package: pgfsys 2023-01-15 v3.1.10 (3.1.10)

(/usr/share/texlive/texmf-dist/tex/generic/pgf/utilities/pgfkeys.code.tex
\pgfkeys@pathtoks=\toks22
\pgfkeys@temptoks=\toks23

(/usr/share/texlive/texmf-dist/tex/generic/pgf/utilities/pgfkeyslibraryfiltered
.code.tex
\pgfkeys@tmptoks=\toks24
))
\pgf@x=\dimen154
\pgf@y=\dimen155
\pgf@xa=\dimen156
\pgf@ya=\dimen157
\pgf@xb=\dimen158
\pgf@yb=\dimen159
\pgf@xc=\dimen160
\pgf@yc=\dimen161
\pgf@xd=\dimen162
\pgf@yd=\dimen163
\w@pgf@writea=\write3
\r@pgf@reada=\read3
\c@pgf@counta=\count266
\c@pgf@countb=\count267
\c@pgf@countc=\count268
\c@pgf@countd=\count269
\t@pgf@toka=\toks25
\t@pgf@tokb=\toks26
\t@pgf@tokc=\toks27
\pgf@sys@id@count=\count270
 (/usr/share/texlive/texmf-dist/tex/generic/pgf/systemlayer/pgf.cfg
File: pgf.cfg 2023-01-15 v3.1.10 (3.1.10)
)
Driver file for pgf: pgfsys-pdftex.def
(/usr/share/texlive/texmf-dist/tex/generic/pgf/systemlayer/pgfsys-pdftex.def
File: pgfsys-pdftex.def 2023-01-15 v3.1.10 (3.1.10)

(/usr/share/texlive/texmf-dist/tex/generic/pgf/systemlayer/pgfsys-common-pdf.de
f
File: pgfsys-common-pdf.def 2023-01-15 v3.1.10 (3.1.10)
)))
(/usr/share/texlive/texmf-dist/tex/generic/pgf/systemlayer/pgfsyssoftpath.code.
tex
File: pgfsyssoftpath.code.tex 2023-01-15 v3.1.10 (3.1.10)
\pgfsyssoftpath@smallbuffer@items=\count271
\pgfsyssoftpath@bigbuffer@items=\count272
)
(/usr/share/texlive/texmf-dist/tex/generic/pgf/systemlayer/pgfsysprotocol.code.
tex
File: pgfsysprotocol.code.tex 2023-01-15 v3.1.10 (3.1.10)
)) (/usr/share/texlive/texmf-dist/tex/latex/xcolor/xcolor.sty
Package: xcolor 2023/11/15 v3.01 LaTeX color extensions (UK)

(/usr/share/texlive/texmf-dist/tex/latex/graphics-cfg/color.cfg
File: color.cfg 2016/01/02 v1.6 sample color configuration
)
Package xcolor Info: Driver file: pdftex.def on input line 274.

(/usr/share/texlive/texmf-dist/tex/latex/graphics/mathcolor.ltx)
Package xcolor Info: Model `cmy' substituted by `cmy0' on input line 1350.
Package xcolor Info: Model `hsb' substituted by `rgb' on input line 1354.
Package xcolor Info: Model `RGB' extended on input line 1366.
Package xcolor Info: Model `HTML' substituted by `rgb' on input line 1368.
Package xcolor Info: Model `Hsb' substituted by `hsb' on input line 1369.
Package xcolor Info: Model `tHsb' substituted by `hsb' on input line 1370.
Package xcolor Info: Model `HSB' substituted by `hsb' on input line 1371.
Package xcolor Info: Model `Gray' substituted by `gray' on input line 1372.
Package xcolor Info: Model `wave' substituted by `hsb' on input line 1373.
)
(/usr/share/texlive/texmf-dist/tex/generic/pgf/basiclayer/pgfcore.code.tex
Package: pgfcore 2023-01-15 v3.1.10 (3.1.10)

(/usr/share/texlive/texmf-dist/tex/generic/pgf/math/pgfmath.code.tex
(/usr/share/texlive/texmf-dist/tex/generic/pgf/math/pgfmathutil.code.tex)
(/usr/share/texlive/texmf-dist/tex/generic/pgf/math/pgfmathparser.code.tex
\pgfmath@dimen=\dimen164
\pgfmath@count=\count273
\pgfmath@box=\box52
\pgfmath@toks=\toks28
\pgfmath@stack@operand=\toks29
\pgfmath@stack@operation=\toks30
)
(/usr/share/texlive/texmf-dist/tex/generic/pgf/math/pgfmathfunctions.code.tex)
(/usr/share/texlive/texmf-dist/tex/generic/pgf/math/pgfmathfunctions.basic.code
.tex)
(/usr/share/texlive/texmf-dist/tex/generic/pgf/math/pgfmathfunctions.trigonomet
ric.code.tex)
(/usr/share/texlive/texmf-dist/tex/generic/pgf/math/pgfmathfunctions.random.cod
e.tex)
(/usr/share/texlive/texmf-dist/tex/generic/pgf/math/pgfmathfunctions.comparison
.code.tex)
(/usr/share/texlive/texmf-dist/tex/generic/pgf/math/pgfmathfunctions.base.code.
tex)
(/usr/share/texlive/texmf-dist/tex/generic/pgf/math/pgfmathfunctions.round.code
.tex)
(/usr/share/texlive/texmf-dist/tex/generic/pgf/math/pgfmathfunctions.misc.code.
tex)
(/usr/share/texlive/texmf-dist/tex/generic/pgf/math/pgfmathfunctions.integerari
thmetics.code.tex)
(/usr/share/texlive/texmf-dist/tex/generic/pgf/math/pgfmathcalc.code.tex)
(/usr/share/texlive/texmf-dist/tex/generic/pgf/math/pgfmathfloat.code.tex
\c@pgfmathroundto@lastzeros=\count274
))
(/usr/share/texlive/texmf-dist/tex/generic/pgf/math/pgfint.code.tex)
(/usr/share/texlive/texmf-dist/tex/generic/pgf/basiclayer/pgfcorepoints.code.te
x
File: pgfcorepoints.code.tex 2023-01-15 v3.1.10 (3.1.10)
\pgf@picminx=\dimen165
\pgf@picmaxx=\dimen166
\pgf@picminy=\dimen167
\pgf@picmaxy=\dimen168
\pgf@pathminx=\dimen169
\pgf@pathmaxx=\dimen170
\pgf@pathminy=\dimen171
\pgf@pathmaxy=\dimen172
\pgf@xx=\dimen173
\pgf@xy=\dimen174
\pgf@yx=\dimen175
\pgf@yy=\dimen176
\pgf@zx=\dimen177
\pgf@zy=\dimen178
)
(/usr/share/texlive/texmf-dist/tex/generic/pgf/basiclayer/pgfcorepathconstruct.
code.tex
File: pgfcorepathconstruct.code.tex 2023-01-15 v3.1.10 (3.1.10)
\pgf@path@lastx=\dimen179
\pgf@path@lasty=\dimen180
)
(/usr/share/texlive/texmf-dist/tex/generic/pgf/basiclayer/pgfcorepathusage.code
.tex
File: pgfcorepathusage.code.tex 2023-01-15 v3.1.10 (3.1.10)
\pgf@shorten@end@additional=\dimen181
\pgf@shorten@start@additional=\dimen182
)
(/usr/share/texlive/texmf-dist/tex/generic/pgf/basiclayer/pgfcorescopes.code.te
x
File: pgfcorescopes.code.tex 2023-01-15 v3.1.10 (3.1.10)
\pgfpic=\box53
\pgf@hbox=\box54
\pgf@layerbox@main=\box55
\pgf@picture@serial@count=\count275
)
(/usr/share/texlive/texmf-dist/tex/generic/pgf/basiclayer/pgfcoregraphicstate.c
ode.tex
File: pgfcoregraphicstate.code.tex 2023-01-15 v3.1.10 (3.1.10)
\pgflinewidth=\dimen183
)
(/usr/share/texlive/texmf-dist/tex/generic/pgf/basiclayer/pgfcoretransformation
s.code.tex
File: pgfcoretransformations.code.tex 2023-01-15 v3.1.10 (3.1.10)
\pgf@pt@x=\dimen184
\pgf@pt@y=\dimen185
\pgf@pt@temp=\dimen186
)
(/usr/share/texlive/texmf-dist/tex/generic/pgf/basiclayer/pgfcorequick.code.tex
File: pgfcorequick.code.tex 2023-01-15 v3.1.10 (3.1.10)
)
(/usr/share/texlive/texmf-dist/tex/generic/pgf/basiclayer/pgfcoreobjects.code.t
ex
File: pgfcoreobjects.code.tex 2023-01-15 v3.1.10 (3.1.10)
)
(/usr/share/texlive/texmf-dist/tex/generic/pgf/basiclayer/pgfcorepathprocessing
.code.tex
File: pgfcorepathprocessing.code.tex 2023-01-15 v3.1.10 (3.1.10)
)
(/usr/share/texlive/texmf-dist/tex/generic/pgf/basiclayer/pgfcorearrows.code.te
x
File: pgfcorearrows.code.tex 2023-01-15 v3.1.10 (3.1.10)
\pgfarrowsep=\dimen187
)
(/usr/share/texlive/texmf-dist/tex/generic/pgf/basiclayer/pgfcoreshade.code.tex
File: pgfcoreshade.code.tex 2023-01-15 v3.1.10 (3.1.10)
\pgf@max=\dimen188
\pgf@sys@shading@range@num=\count276
\pgf@shadingcount=\count277
)
(/usr/share/texlive/texmf-dist/tex/generic/pgf/basiclayer/pgfcoreimage.code.tex
File: pgfcoreimage.code.tex 2023-01-15 v3.1.10 (3.1.10)
)
(/usr/share/texlive/texmf-dist/tex/generic/pgf/basiclayer/pgfcoreexternal.code.
tex
File: pgfcoreexternal.code.tex 2023-01-15 v3.1.10 (3.1.10)
\pgfexternal@startupbox=\box56
)
(/usr/share/texlive/texmf-dist/tex/generic/pgf/basiclayer/pgfcorelayers.code.te
x
File: pgfcorelayers.code.tex 2023-01-15 v3.1.10 (3.1.10)
)
(/usr/share/texlive/texmf-dist/tex/generic/pgf/basiclayer/pgfcoretransparency.c
ode.tex
File: pgfcoretransparency.code.tex 2023-01-15 v3.1.10 (3.1.10)
)
(/usr/share/texlive/texmf-dist/tex/generic/pgf/basiclayer/pgfcorepatterns.code.
tex
File: pgfcorepatterns.code.tex 2023-01-15 v3.1.10 (3.1.10)
)
(/usr/share/texlive/texmf-dist/tex/generic/pgf/basiclayer/pgfcorerdf.code.tex
File: pgfcorerdf.code.tex 2023-01-15 v3.1.10 (3.1.10)
)))
(/usr/share/texlive/texmf-dist/tex/generic/pgf/modules/pgfmoduleshapes.code.tex
File: pgfmoduleshapes.code.tex 2023-01-15 v3.1.10 (3.1.10)
\pgfnodeparttextbox=\box57
) (/usr/share/texlive/texmf-dist/tex/generic/pgf/modules/pgfmoduleplot.code.tex
File: pgfmoduleplot.code.tex 2023-01-15 v3.1.10 (3.1.10)
)
(/usr/share/texlive/texmf-dist/tex/latex/pgf/compatibility/pgfcomp-version-0-65
.sty
Package: pgfcomp-version-0-65 2023-01-15 v3.1.10 (3.1.10)
\pgf@nodesepstart=\dimen189
\pgf@nodesepend=\dimen190
)
(/usr/share/texlive/texmf-dist/tex/latex/pgf/compatibility/pgfcomp-version-1-18
.sty
Package: pgfcomp-version-1-18 2023-01-15 v3.1.10 (3.1.10)
)) (/usr/share/texlive/texmf-dist/tex/latex/pgf/utilities/pgffor.sty
(/usr/share/texlive/texmf-dist/tex/latex/pgf/utilities/pgfkeys.sty
(/usr/share/texlive/texmf-dist/tex/generic/pgf/utilities/pgfkeys.code.tex))
(/usr/share/texlive/texmf-dist/tex/latex/pgf/math/pgfmath.sty
(/usr/share/texlive/texmf-dist/tex/generic/pgf/math/pgfmath.code.tex))
(/usr/share/texlive/texmf-dist/tex/generic/pgf/utilities/pgffor.code.tex
Package: pgffor 2023-01-15 v3.1.10 (3.1.10)
\pgffor@iter=\dimen191
\pgffor@skip=\dimen192
\pgffor@stack=\toks31
\pgffor@toks=\toks32
))
(/usr/share/texlive/texmf-dist/tex/generic/pgf/frontendlayer/tikz/tikz.code.tex
Package: tikz 2023-01-15 v3.1.10 (3.1.10)

(/usr/share/texlive/texmf-dist/tex/generic/pgf/libraries/pgflibraryplothandlers
.code.tex
File: pgflibraryplothandlers.code.tex 2023-01-15 v3.1.10 (3.1.10)
\pgf@plot@mark@count=\count278
\pgfplotmarksize=\dimen193
)
\tikz@lastx=\dimen194
\tikz@lasty=\dimen195
\tikz@lastxsaved=\dimen196
\tikz@lastysaved=\dimen197
\tikz@lastmovetox=\dimen198
\tikz@lastmovetoy=\dimen199
\tikzleveldistance=\dimen256
\tikzsiblingdistance=\dimen257
\tikz@figbox=\box58
\tikz@figbox@bg=\box59
\tikz@tempbox=\box60
\tikz@tempbox@bg=\box61
\tikztreelevel=\count279
\tikznumberofchildren=\count280
\tikznumberofcurrentchild=\count281
\tikz@fig@count=\count282

(/usr/share/texlive/texmf-dist/tex/generic/pgf/modules/pgfmodulematrix.code.tex
File: pgfmodulematrix.code.tex 2023-01-15 v3.1.10 (3.1.10)
\pgfmatrixcurrentrow=\count283
\pgfmatrixcurrentcolumn=\count284
\pgf@matrix@numberofcolumns=\count285
)
\tikz@expandcount=\count286

(/usr/share/texlive/texmf-dist/tex/generic/pgf/frontendlayer/tikz/libraries/tik
zlibrarytopaths.code.tex
File: tikzlibrarytopaths.code.tex 2023-01-15 v3.1.10 (3.1.10)
)))
(/usr/share/texlive/texmf-dist/tex/latex/tools/calc.sty
Package: calc 2023/07/08 v4.3 Infix arithmetic (KKT,FJ)
\calc@Acount=\count287
\calc@Bcount=\count288
\calc@Adimen=\dimen258
\calc@Bdimen=\dimen259
\calc@Askip=\skip50
\calc@Bskip=\skip51
LaTeX Info: Redefining \setlength on input line 80.
LaTeX Info: Redefining \addtolength on input line 81.
\calc@Ccount=\count289
\calc@Cskip=\skip52
)
(/usr/share/texlive/texmf-dist/tex/latex/amsmath/amsmath.sty
Package: amsmath 2023/05/13 v2.17o AMS math features
\@mathmargin=\skip53

For additional information on amsmath, use the `?' option.
(/usr/share/texlive/texmf-dist/tex/latex/amsmath/amstext.sty
Package: amstext 2021/08/26 v2.01 AMS text

(/usr/share/texlive/texmf-dist/tex/latex/amsmath/amsgen.sty
File: amsgen.sty 1999/11/30 v2.0 generic functions
\@emptytoks=\toks33
\ex@=\dimen260
))
(/usr/share/texlive/texmf-dist/tex/latex/amsmath/amsbsy.sty
Package: amsbsy 1999/11/29 v1.2d Bold Symbols
\pmbraise@=\dimen261
)
(/usr/share/texlive/texmf-dist/tex/latex/amsmath/amsopn.sty
Package: amsopn 2022/04/08 v2.04 operator names
)
\inf@bad=\count290
LaTeX Info: Redefining \frac on input line 234.
\uproot@=\count291
\leftroot@=\count292
LaTeX Info: Redefining \overline on input line 399.
LaTeX Info: Redefining \colon on input line 410.
\classnum@=\count293
\DOTSCASE@=\count294
LaTeX Info: Redefining \ldots on input line 496.
LaTeX Info: Redefining \dots on input line 499.
LaTeX Info: Redefining \cdots on input line 620.
\Mathstrutbox@=\box62
\strutbox@=\box63
LaTeX Info: Redefining \big on input line 722.
LaTeX Info: Redefining \Big on input line 723.
LaTeX Info: Redefining \bigg on input line 724.
LaTeX Info: Redefining \Bigg on input line 725.
\big@size=\dimen262
LaTeX Font Info:    Redeclaring font encoding OML on input line 743.
LaTeX Font Info:    Redeclaring font encoding OMS on input line 744.
\macc@depth=\count295
LaTeX Info: Redefining \bmod on input line 905.
LaTeX Info: Redefining \pmod on input line 910.
LaTeX Info: Redefining \smash on input line 940.
LaTeX Info: Redefining \relbar on input line 970.
LaTeX Info: Redefining \Relbar on input line 971.
\c@MaxMatrixCols=\count296
\dotsspace@=\muskip16
\c@parentequation=\count297
\dspbrk@lvl=\count298
\tag@help=\toks34
\row@=\count299
\column@=\count300
\maxfields@=\count301
\andhelp@=\toks35
\eqnshift@=\dimen263
\alignsep@=\dimen264
\tagshift@=\dimen265
\tagwidth@=\dimen266
\totwidth@=\dimen267
\lineht@=\dimen268
\@envbody=\toks36
\multlinegap=\skip54
\multlinetaggap=\skip55
\mathdisplay@stack=\toks37
LaTeX Info: Redefining \[ on input line 2953.
LaTeX Info: Redefining \] on input line 2954.
)
(/usr/share/texlive/texmf-dist/tex/latex/amsfonts/amssymb.sty
Package: amssymb 2013/01/14 v3.01 AMS font symbols

(/usr/share/texlive/texmf-dist/tex/latex/amsfonts/amsfonts.sty
Package: amsfonts 2013/01/14 v3.01 Basic AMSFonts support
\symAMSa=\mathgroup4
\symAMSb=\mathgroup5
LaTeX Font Info:    Redeclaring math symbol \hbar on input line 98.
LaTeX Font Info:    Overwriting math alphabet `\mathfrak' in version `bold'
(Font)                  U/euf/m/n --> U/euf/b/n on input line 106.
))
(/usr/share/texlive/texmf-dist/tex/latex/hyperref/hyperref.sty
Package: hyperref 2024-01-20 v7.01h Hypertext links for LaTeX

(/usr/share/texlive/texmf-dist/tex/latex/kvsetkeys/kvsetkeys.sty
Package: kvsetkeys 2022-10-05 v1.19 Key value parser (HO)
)
(/usr/share/texlive/texmf-dist/tex/generic/kvdefinekeys/kvdefinekeys.sty
Package: kvdefinekeys 2019-12-19 v1.6 Define keys (HO)
)
(/usr/share/texlive/texmf-dist/tex/generic/pdfescape/pdfescape.sty
Package: pdfescape 2019/12/09 v1.15 Implements pdfTeX's escape features (HO)

(/usr/share/texlive/texmf-dist/tex/generic/ltxcmds/ltxcmds.sty
Package: ltxcmds 2023-12-04 v1.26 LaTeX kernel commands for general use (HO)
)
(/usr/share/texlive/texmf-dist/tex/generic/pdftexcmds/pdftexcmds.sty
Package: pdftexcmds 2020-06-27 v0.33 Utility functions of pdfTeX for LuaTeX (HO
)

(/usr/share/texlive/texmf-dist/tex/generic/infwarerr/infwarerr.sty
Package: infwarerr 2019/12/03 v1.5 Providing info/warning/error messages (HO)
)
Package pdftexcmds Info: \pdf@primitive is available.
Package pdftexcmds Info: \pdf@ifprimitive is available.
Package pdftexcmds Info: \pdfdraftmode found.
))
(/usr/share/texlive/texmf-dist/tex/latex/hycolor/hycolor.sty
Package: hycolor 2020-01-27 v1.10 Color options for hyperref/bookmark (HO)
)
(/usr/share/texlive/texmf-dist/tex/latex/auxhook/auxhook.sty
Package: auxhook 2019-12-17 v1.6 Hooks for auxiliary files (HO)
)
(/usr/share/texlive/texmf-dist/tex/latex/hyperref/nameref.sty
Package: nameref 2023-11-26 v2.56 Cross-referencing by name of section

(/usr/share/texlive/texmf-dist/tex/latex/refcount/refcount.sty
Package: refcount 2019/12/15 v3.6 Data extraction from label references (HO)
)
(/usr/share/texlive/texmf-dist/tex/generic/gettitlestring/gettitlestring.sty
Package: gettitlestring 2019/12/15 v1.6 Cleanup title references (HO)

(/usr/share/texlive/texmf-dist/tex/latex/kvoptions/kvoptions.sty
Package: kvoptions 2022-06-15 v3.15 Key value format for package options (HO)
))
\c@section@level=\count302
)
(/usr/share/texlive/texmf-dist/tex/latex/etoolbox/etoolbox.sty
Package: etoolbox 2020/10/05 v2.5k e-TeX tools for LaTeX (JAW)
\etb@tempcnta=\count303
)
\@linkdim=\dimen269
\Hy@linkcounter=\count304
\Hy@pagecounter=\count305

(/usr/share/texlive/texmf-dist/tex/latex/hyperref/pd1enc.def
File: pd1enc.def 2024-01-20 v7.01h Hyperref: PDFDocEncoding definition (HO)
Now handling font encoding PD1 ...
... no UTF-8 mapping file for font encoding PD1
)
(/usr/share/texlive/texmf-dist/tex/generic/intcalc/intcalc.sty
Package: intcalc 2019/12/15 v1.3 Expandable calculations with integers (HO)
)
\Hy@SavedSpaceFactor=\count306

(/usr/share/texlive/texmf-dist/tex/latex/hyperref/puenc.def
File: puenc.def 2024-01-20 v7.01h Hyperref: PDF Unicode definition (HO)
Now handling font encoding PU ...
... no UTF-8 mapping file for font encoding PU
)
Package hyperref Info: Option `unicode' set `true' on input line 3165.
Package hyperref Info: Hyper figures OFF on input line 4179.
Package hyperref Info: Link nesting OFF on input line 4184.
Package hyperref Info: Hyper index ON on input line 4187.
Package hyperref Info: Plain pages OFF on input line 4194.
Package hyperref Info: Backreferencing OFF on input line 4199.
Package hyperref Info: Implicit mode ON; LaTeX internals redefined.
Package hyperref Info: Bookmarks ON on input line 4446.
\c@Hy@tempcnt=\count307

(/usr/share/texlive/texmf-dist/tex/latex/url/url.sty
\Urlmuskip=\muskip17
Package: url 2013/09/16  ver 3.4  Verb mode for urls, etc.
)
LaTeX Info: Redefining \url on input line 4784.
\XeTeXLinkMargin=\dimen270

(/usr/share/texlive/texmf-dist/tex/generic/bitset/bitset.sty
Package: bitset 2019/12/09 v1.3 Handle bit-vector datatype (HO)

(/usr/share/texlive/texmf-dist/tex/generic/bigintcalc/bigintcalc.sty
Package: bigintcalc 2019/12/15 v1.5 Expandable calculations on big integers (HO
)
))
\Fld@menulength=\count308
\Field@Width=\dimen271
\Fld@charsize=\dimen272
Package hyperref Info: Hyper figures OFF on input line 6063.
Package hyperref Info: Link nesting OFF on input line 6068.
Package hyperref Info: Hyper index ON on input line 6071.
Package hyperref Info: backreferencing OFF on input line 6078.
Package hyperref Info: Link coloring OFF on input line 6083.
Package hyperref Info: Link coloring with OCG OFF on input line 6088.
Package hyperref Info: PDF/A mode OFF on input line 6093.

(/usr/share/texlive/texmf-dist/tex/latex/base/atbegshi-ltx.sty
Package: atbegshi-ltx 2021/01/10 v1.0c Emulation of the original atbegshi
package with kernel methods
)
\Hy@abspage=\count309
\c@Item=\count310
\c@Hfootnote=\count311
)
Package hyperref Info: Driver (autodetected): hpdftex.

(/usr/share/texlive/texmf-dist/tex/latex/hyperref/hpdftex.def
File: hpdftex.def 2024-01-20 v7.01h Hyperref driver for pdfTeX

(/usr/share/texlive/texmf-dist/tex/latex/base/atveryend-ltx.sty
Package: atveryend-ltx 2020/08/19 v1.0a Emulation of the original atveryend pac
kage
with kernel methods
)
\Fld@listcount=\count312
\c@bookmark@seq@number=\count313

(/usr/share/texlive/texmf-dist/tex/latex/rerunfilecheck/rerunfilecheck.sty
Package: rerunfilecheck 2022-07-10 v1.10 Rerun checks for auxiliary files (HO)

(/usr/share/texlive/texmf-dist/tex/generic/uniquecounter/uniquecounter.sty
Package: uniquecounter 2019/12/15 v1.4 Provide unlimited unique counter (HO)
)
Package uniquecounter Info: New unique counter `rerunfilecheck' on input line 2
85.
)
\Hy@SectionHShift=\skip56
)
(/usr/share/texlive/texmf-dist/tex/latex/enumitem/enumitem.sty
Package: enumitem 2019/06/20 v3.9 Customized lists
\labelindent=\skip57
\enit@outerparindent=\dimen273
\enit@toks=\toks38
\enit@inbox=\box64
\enit@count@id=\count314
\enitdp@description=\count315
)
(/usr/share/texlive/texmf-dist/tex/latex/tcolorbox/tcolorbox.sty
Package: tcolorbox 2024/01/10 version 6.2.0 text color boxes

(/usr/share/texlive/texmf-dist/tex/latex/tools/verbatim.sty
Package: verbatim 2023-11-06 v1.5v LaTeX2e package for verbatim enhancements
\every@verbatim=\toks39
\verbatim@line=\toks40
\verbatim@in@stream=\read4
)
(/usr/share/texlive/texmf-dist/tex/latex/environ/environ.sty
Package: environ 2014/05/04 v0.3 A new way to define environments

(/usr/share/texlive/texmf-dist/tex/latex/trimspaces/trimspaces.sty
Package: trimspaces 2009/09/17 v1.1 Trim spaces around a token list
))
\tcb@titlebox=\box65
\tcb@upperbox=\box66
\tcb@lowerbox=\box67
\tcb@phantombox=\box68
\c@tcbbreakpart=\count316
\c@tcblayer=\count317
\c@tcolorbox@number=\count318
\l__tcobox_tmpa_box=\box69
\l__tcobox_tmpa_dim=\dimen274
\tcb@temp=\box70
\tcb@temp=\box71
\tcb@temp=\box72
\tcb@temp=\box73
)
(/usr/share/texlive/texmf-dist/tex/latex/tcolorbox/tcbskins.code.tex
Library (tcolorbox): 'tcbskins.code.tex' version '6.2.0'
(/usr/share/texlive/texmf-dist/tex/latex/tikzfill/tikzfill.image.sty
Package: tikzfill.image 2023/08/08 v1.0.1 Image filling library for TikZ

(/usr/share/texlive/texmf-dist/tex/latex/tikzfill/tikzfill-common.sty
Package: tikzfill-common 2023/08/08 v1.0.1 Auxiliary code for tikzfill
)
(/usr/share/texlive/texmf-dist/tex/latex/tikzfill/tikzlibraryfill.image.code.te
x
File: tikzlibraryfill.image.code.tex 2023/08/08 v1.0.1 Image filling library
\l__tikzfill_img_box=\box74
)) (/usr/share/texlive/texmf-dist/tex/latex/tcolorbox/tcbskinsjigsaw.code.tex
Library (tcolorbox): 'tcbskinsjigsaw.code.tex' version '6.2.0'
)) (/usr/share/texlive/texmf-dist/tex/latex/tcolorbox/tcbbreakable.code.tex
Library (tcolorbox): 'tcbbreakable.code.tex' version '6.2.0'
(/usr/share/texlive/texmf-dist/tex/latex/pdfcol/pdfcol.sty
Package: pdfcol 2022-09-21 v1.7 Handle new color stacks for pdfTeX (HO)
)
Package pdfcol Info: New color stack `tcb@breakable' = 1 on input line 23.
\tcb@testbox=\box75
\tcb@totalupperbox=\box76
\tcb@totallowerbox=\box77
)
Package hyperref Info: Option `colorlinks' set `true' on input line 25.

(/usr/share/texlive/texmf-dist/tex/latex/l3backend/l3backend-pdftex.def
File: l3backend-pdftex.def 2024-01-04 L3 backend support: PDF output (pdfTeX)
\l__color_backend_stack_int=\count319
\l__pdf_internal_box=\box78
)
(latexdump/treelatexdumpEncoded.aux)
\openout1 = `treelatexdumpEncoded.aux'.

LaTeX Font Info:    Checking defaults for OML/cmm/m/it on input line 63.
LaTeX Font Info:    ... okay on input line 63.
LaTeX Font Info:    Checking defaults for OMS/cmsy/m/n on input line 63.
LaTeX Font Info:    ... okay on input line 63.
LaTeX Font Info:    Checking defaults for OT1/cmr/m/n on input line 63.
LaTeX Font Info:    ... okay on input line 63.
LaTeX Font Info:    Checking defaults for T1/cmr/m/n on input line 63.
LaTeX Font Info:    ... okay on input line 63.
LaTeX Font Info:    Checking defaults for TS1/cmr/m/n on input line 63.
LaTeX Font Info:    ... okay on input line 63.
LaTeX Font Info:    Checking defaults for OMX/cmex/m/n on input line 63.
LaTeX Font Info:    ... okay on input line 63.
LaTeX Font Info:    Checking defaults for U/cmr/m/n on input line 63.
LaTeX Font Info:    ... okay on input line 63.
LaTeX Font Info:    Checking defaults for T2A/cmr/m/n on input line 63.
LaTeX Font Info:    ... okay on input line 63.
LaTeX Font Info:    Checking defaults for PD1/pdf/m/n on input line 63.
LaTeX Font Info:    ... okay on input line 63.
LaTeX Font Info:    Checking defaults for PU/pdf/m/n on input line 63.
LaTeX Font Info:    ... okay on input line 63.
LaTeX Info: Redefining \th on input line 63.

*geometry* driver: auto-detecting
*geometry* detected driver: pdftex
*geometry* verbose mode - [ preamble ] result:
* driver: pdftex
* paper: a4paper
* layout: <same size as paper>
* layoutoffset:(h,v)=(0.0pt,0.0pt)
* modes: 
* h-part:(L,W,R)=(56.9055pt, 483.69687pt, 56.9055pt)
* v-part:(T,H,B)=(56.9055pt, 731.23584pt, 56.9055pt)
* \paperwidth=597.50787pt
* \paperheight=845.04684pt
* \textwidth=483.69687pt
* \textheight=731.23584pt
* \oddsidemargin=-15.36449pt
* \evensidemargin=-15.36449pt
* \topmargin=-52.36449pt
* \headheight=12.0pt
* \headsep=25.0pt
* \topskip=12.0pt
* \footskip=30.0pt
* \marginparwidth=35.0pt
* \marginparsep=10.0pt
* \columnsep=10.0pt
* \skip\footins=10.8pt plus 4.0pt minus 2.0pt
* \hoffset=0.0pt
* \voffset=0.0pt
* \mag=1000
* \@twocolumnfalse
* \@twosidefalse
* \@mparswitchfalse
* \@reversemarginfalse
* (1in=72.27pt=25.4mm, 1cm=28.453pt)

(/usr/share/texlive/texmf-dist/tex/context/base/mkii/supp-pdf.mkii
[Loading MPS to PDF converter (version 2006.09.02).]
\scratchcounter=\count320
\scratchdimen=\dimen275
\scratchbox=\box79
\nofMPsegments=\count321
\nofMParguments=\count322
\everyMPshowfont=\toks41
\MPscratchCnt=\count323
\MPscratchDim=\dimen276
\MPnumerator=\count324
\makeMPintoPDFobject=\count325
\everyMPtoPDFconversion=\toks42
) (/usr/share/texlive/texmf-dist/tex/latex/epstopdf-pkg/epstopdf-base.sty
Package: epstopdf-base 2020-01-24 v2.11 Base part for package epstopdf
Package epstopdf-base Info: Redefining graphics rule for `.eps' on input line 4
85.

(/usr/share/texlive/texmf-dist/tex/latex/latexconfig/epstopdf-sys.cfg
File: epstopdf-sys.cfg 2010/07/13 v1.3 Configuration of (r)epstopdf for TeX Liv
e
))
Package hyperref Info: Link coloring ON on input line 63.

(latexdump/treelatexdumpEncoded.out) (latexdump/treelatexdumpEncoded.out)
\@outlinefile=\write4
\openout4 = `treelatexdumpEncoded.out'.

LaTeX Font Info:    Trying to load font information for U+msa on input line 65.


(/usr/share/texlive/texmf-dist/tex/latex/amsfonts/umsa.fd
File: umsa.fd 2013/01/14 v3.01 AMS symbols A
)
LaTeX Font Info:    Trying to load font information for U+msb on input line 65.


(/usr/share/texlive/texmf-dist/tex/latex/amsfonts/umsb.fd
File: umsb.fd 2013/01/14 v3.01 AMS symbols B
)
(latexdump/treelatexdumpEncoded.toc)
\tf@toc=\write5
\openout5 = `treelatexdumpEncoded.toc'.

 [1

{/var/lib/texmf/fonts/map/pdftex/updmap/pdftex.map}]
Underfull \hbox (badness 10000) in paragraph at lines 73--74

 []

<memes/wolf1.jpg, id=138, 135.50626pt x 135.50626pt>
File: memes/wolf1.jpg Graphic file (type jpg)
<use memes/wolf1.jpg>
Package pdftex.def Info: memes/wolf1.jpg  used on input line 81.
(pdftex.def)             Requested size: 84.78793pt x 84.79044pt.

Underfull \hbox (badness 10000) in paragraph at lines 119--120

 []

<memes/wolf4.jpg, id=139, 642.4pt x 490.83376pt>
File: memes/wolf4.jpg Graphic file (type jpg)
<use memes/wolf4.jpg>
Package pdftex.def Info: memes/wolf4.jpg  used on input line 127.
(pdftex.def)             Requested size: 84.78793pt x 64.77676pt.
[2 <./memes/wolf1.jpg> <./memes/wolf4.jpg>] [3] [4]
Underfull \hbox (badness 10000) in paragraph at lines 415--416

 []

[5] [6] [7] [8] [9]
Underfull \hbox (badness 10000) in paragraph at lines 764--765

 []

File: memes/wolf1.jpg Graphic file (type jpg)
<use memes/wolf1.jpg>
Package pdftex.def Info: memes/wolf1.jpg  used on input line 777.
(pdftex.def)             Requested size: 84.78793pt x 84.79044pt.
[10] [11] [12] [13] [14]
Underfull \hbox (badness 10000) in paragraph at lines 1220--1221

 []

File: memes/wolf1.jpg Graphic file (type jpg)
<use memes/wolf1.jpg>
Package pdftex.def Info: memes/wolf1.jpg  used on input line 1233.
(pdftex.def)             Requested size: 84.78793pt x 84.79044pt.
[15] [16] [17] [18] [19] [20]
Underfull \hbox (badness 10000) in paragraph at lines 1727--1728

 []

File: memes/wolf4.jpg Graphic file (type jpg)
<use memes/wolf4.jpg>
Package pdftex.def Info: memes/wolf4.jpg  used on input line 1740.
(pdftex.def)             Requested size: 84.78793pt x 64.77676pt.
[21] [22] [23] [24] [25] [26] [27] [28]
Underfull \hbox (badness 10000) in paragraph at lines 2387--2388

 []

<memes/wolf3.jpg, id=255, 642.4pt x 662.475pt>
File: memes/wolf3.jpg Graphic file (type jpg)
<use memes/wolf3.jpg>
Package pdftex.def Info: memes/wolf3.jpg  used on input line 2400.
(pdftex.def)             Requested size: 84.78793pt x 87.42877pt.
[29 <./memes/wolf3.jpg>] [30] [31] [32] [33] [34] [35] [36]
Underfull \hbox (badness 10000) in paragraph at lines 3098--3099

 []

File: memes/wolf1.jpg Graphic file (type jpg)
<use memes/wolf1.jpg>
Package pdftex.def Info: memes/wolf1.jpg  used on input line 3111.
(pdftex.def)             Requested size: 84.78793pt x 84.79044pt.
[37] [38] [39] [40] [41] [42] [43] [44] [45] [46]
Underfull \hbox (badness 10000) in paragraph at lines 3962--3963

 []

File: memes/wolf3.jpg Graphic file (type jpg)
<use memes/wolf3.jpg>
Package pdftex.def Info: memes/wolf3.jpg  used on input line 3975.
(pdftex.def)             Requested size: 84.78793pt x 87.42877pt.
[47] [48] [49] [50] [51] [52] [53] [54] [55] [56]
Underfull \hbox (badness 10000) in paragraph at lines 4877--4878

 []

<memes/wolf2.jpg, id=374, 236.082pt x 216.20775pt>
File: memes/wolf2.jpg Graphic file (type jpg)
<use memes/wolf2.jpg>
Package pdftex.def Info: memes/wolf2.jpg  used on input line 4890.
(pdftex.def)             Requested size: 84.78793pt x 77.64998pt.
[57 <./memes/wolf2.jpg>] [58] [59] [60] [61] [62] [63] [64] [65] [66] [67]
[68]
Underfull \hbox (badness 10000) in paragraph at lines 5945--5946

 []


Overfull \hbox (20.06209pt too wide) detected at line 5948
\OML/cmm/m/it/12 f[]\OT1/cmr/m/n/12 (\OML/cmm/m/it/12 x\OT1/cmr/m/n/12 ) = 4 \O
MS/cmsy/m/n/12 ^^A []\OT1/cmr/m/n/12 (\OML/cmm/m/it/12 x\OT1/cmr/m/n/12 ) \OMS/
cmsy/m/n/12 ^^A ^^@\OT1/cmr/m/n/12 1 \OMS/cmsy/m/n/12 ^^A ^^@\OT1/cmr/m/n/12 1 
\OMS/cmsy/m/n/12 ^^A ^^@\OT1/cmr/m/n/12 1 \OMS/cmsy/m/n/12 ^^A ^^@\OT1/cmr/m/n/
12 1 \OMS/cmsy/m/n/12 ^^A ^^@\OT1/cmr/m/n/12 1 + [](10 \OMS/cmsy/m/n/12 ^^A \OM
L/cmm/m/it/12 x\OT1/cmr/m/n/12 ) \OMS/cmsy/m/n/12 ^^A ^^@\OT1/cmr/m/n/12 1 \OMS
/cmsy/m/n/12 ^^A \OT1/cmr/m/n/12 10 \OMS/cmsy/m/n/12 ^^A \OT1/cmr/m/n/12 10 \OM
S/cmsy/m/n/12 ^^A ^^@\OT1/cmr/m/n/12 1 \OMS/cmsy/m/n/12 ^^A \OT1/cmr/m/n/12 10 
\OMS/cmsy/m/n/12 ^^A \OT1/cmr/m/n/12 10 \OMS/cmsy/m/n/12 ^^A ^^@\OT1/cmr/m/n/12
 1 \OMS/cmsy/m/n/12 ^^A \OT1/cmr/m/n/12 10 \OMS/cmsy/m/n/12 ^^A \OT1/cmr/m/n/12
 10 \OMS/cmsy/m/n/12 ^^A ^^@\OT1/cmr/m/n/12 1 \OMS/cmsy/m/n/12 ^^A \OT1/cmr/m/n
/12 10 \OMS/cmsy/m/n/12 ^^A \OT1/cmr/m/n/12 10 \OMS/cmsy/m/n/12 ^^A ^^@\OT1/cmr
/m/n/12 1 \OMS/cmsy/m/n/12 ^^A \OT1/cmr/m/n/12 10 \OMS/cmsy/m/n/12 ^^A \OT1/cmr
/m/n/12 10
 []

File: memes/wolf1.jpg Graphic file (type jpg)
<use memes/wolf1.jpg>
Package pdftex.def Info: memes/wolf1.jpg  used on input line 5958.
(pdftex.def)             Requested size: 84.78793pt x 84.79044pt.
[69] [70] [71] [72] [73] [74] [75] [76] [77] [78] [79] [80] [81]
Underfull \hbox (badness 10000) in paragraph at lines 7064--7065

 []


Overfull \hbox (37.7564pt too wide) detected at line 7067
\OML/cmm/m/it/12 f[]\OT1/cmr/m/n/12 (\OML/cmm/m/it/12 x\OT1/cmr/m/n/12 ) = 4 \O
MS/cmsy/m/n/12 ^^A []\OT1/cmr/m/n/12 (\OML/cmm/m/it/12 x\OT1/cmr/m/n/12 ) \OMS/
cmsy/m/n/12 ^^A ^^@\OT1/cmr/m/n/12 1 \OMS/cmsy/m/n/12 ^^A ^^@\OT1/cmr/m/n/12 1 
\OMS/cmsy/m/n/12 ^^A ^^@\OT1/cmr/m/n/12 1 \OMS/cmsy/m/n/12 ^^A ^^@\OT1/cmr/m/n/
12 1 \OMS/cmsy/m/n/12 ^^A ^^@\OT1/cmr/m/n/12 1 + [](10 \OMS/cmsy/m/n/12 ^^A \OM
L/cmm/m/it/12 x\OT1/cmr/m/n/12 ) \OMS/cmsy/m/n/12 ^^A \OT1/cmr/m/n/12 10 \OMS/c
msy/m/n/12 ^^A ^^@\OT1/cmr/m/n/12 1 \OMS/cmsy/m/n/12 ^^A \OT1/cmr/m/n/12 10 \OM
S/cmsy/m/n/12 ^^A \OT1/cmr/m/n/12 10 \OMS/cmsy/m/n/12 ^^A ^^@\OT1/cmr/m/n/12 1 
\OMS/cmsy/m/n/12 ^^A \OT1/cmr/m/n/12 10 \OMS/cmsy/m/n/12 ^^A \OT1/cmr/m/n/12 10
 \OMS/cmsy/m/n/12 ^^A ^^@\OT1/cmr/m/n/12 1 \OMS/cmsy/m/n/12 ^^A \OT1/cmr/m/n/12
 10 \OMS/cmsy/m/n/12 ^^A \OT1/cmr/m/n/12 10 \OMS/cmsy/m/n/12 ^^A ^^@\OT1/cmr/m/
n/12 1 \OMS/cmsy/m/n/12 ^^A \OT1/cmr/m/n/12 10 \OMS/cmsy/m/n/12 ^^A \OT1/cmr/m/
n/12 10 \OMS/cmsy/m/n/12 ^^A ^^@\OT1/cmr/m/n/12 1 \OMS/cmsy/m/n/12 ^^A \OT1/cmr
/m/n/12 10 \OMS/cmsy/m/n/12 ^^A \OT1/cmr/m/n/12 10
 []

File: memes/wolf1.jpg Graphic file (type jpg)
<use memes/wolf1.jpg>
Package pdftex.def Info: memes/wolf1.jpg  used on input line 7077.
(pdftex.def)             Requested size: 84.78793pt x 84.79044pt.
[82] [83] [84] [85] [86] [87] [88] [89] [90] [91] [92] [93] [94] [95]
Underfull \hbox (badness 10000) in paragraph at lines 8336--8337

 []


Overfull \hbox (87.31181pt too wide) detected at line 8339
\OML/cmm/m/it/12 f[]\OT1/cmr/m/n/12 (\OML/cmm/m/it/12 x\OT1/cmr/m/n/12 ) = 4 \O
MS/cmsy/m/n/12 ^^A []\OT1/cmr/m/n/12 (\OML/cmm/m/it/12 x\OT1/cmr/m/n/12 ) \OMS/
cmsy/m/n/12 ^^A ^^@\OT1/cmr/m/n/12 1 \OMS/cmsy/m/n/12 ^^A ^^@\OT1/cmr/m/n/12 1 
\OMS/cmsy/m/n/12 ^^A ^^@\OT1/cmr/m/n/12 1 \OMS/cmsy/m/n/12 ^^A ^^@\OT1/cmr/m/n/
12 1 \OMS/cmsy/m/n/12 ^^A ^^@\OT1/cmr/m/n/12 1 \OMS/cmsy/m/n/12 ^^A ^^@\OT1/cmr
/m/n/12 1 + [](10 \OMS/cmsy/m/n/12 ^^A \OML/cmm/m/it/12 x\OT1/cmr/m/n/12 ) \OMS
/cmsy/m/n/12 ^^A ^^@\OT1/cmr/m/n/12 1 \OMS/cmsy/m/n/12 ^^A \OT1/cmr/m/n/12 10 \
OMS/cmsy/m/n/12 ^^A \OT1/cmr/m/n/12 10 \OMS/cmsy/m/n/12 ^^A ^^@\OT1/cmr/m/n/12 
1 \OMS/cmsy/m/n/12 ^^A \OT1/cmr/m/n/12 10 \OMS/cmsy/m/n/12 ^^A \OT1/cmr/m/n/12 
10 \OMS/cmsy/m/n/12 ^^A ^^@\OT1/cmr/m/n/12 1 \OMS/cmsy/m/n/12 ^^A \OT1/cmr/m/n/
12 10 \OMS/cmsy/m/n/12 ^^A \OT1/cmr/m/n/12 10 \OMS/cmsy/m/n/12 ^^A ^^@\OT1/cmr/
m/n/12 1 \OMS/cmsy/m/n/12 ^^A \OT1/cmr/m/n/12 10 \OMS/cmsy/m/n/12 ^^A \OT1/cmr/
m/n/12 10 \OMS/cmsy/m/n/12 ^^A ^^@\OT1/cmr/m/n/12 1 \OMS/cmsy/m/n/12 ^^A \OT1/c
mr/m/n/12 10 \OMS/cmsy/m/n/12 ^^A \OT1/cmr/m/n/12 10 \OMS/cmsy/m/n/12 ^^A ^^@\O
T1/cmr/m/n/12 1 \OMS/cmsy/m/n/12 ^^A \OT1/cmr/m/n/12 10 \OMS/cmsy/m/n/12 ^^A \O
T1/cmr/m/n/12 10
 []

[96]
File: memes/wolf4.jpg Graphic file (type jpg)
<use memes/wolf4.jpg>
Package pdftex.def Info: memes/wolf4.jpg  used on input line 8349.
(pdftex.def)             Requested size: 84.78793pt x 64.77676pt.
 [97] [98] [99] [100] [101] [102] [103] [104] [105] [106] [107] [108]
[109] [110] [111]
Underfull \hbox (badness 10000) in paragraph at lines 9659--9660

 []


Overfull \hbox (105.00612pt too wide) detected at line 9662
\OML/cmm/m/it/12 f[]\OT1/cmr/m/n/12 (\OML/cmm/m/it/12 x\OT1/cmr/m/n/12 ) = 4 \O
MS/cmsy/m/n/12 ^^A []\OT1/cmr/m/n/12 (\OML/cmm/m/it/12 x\OT1/cmr/m/n/12 ) \OMS/
cmsy/m/n/12 ^^A ^^@\OT1/cmr/m/n/12 1 \OMS/cmsy/m/n/12 ^^A ^^@\OT1/cmr/m/n/12 1 
\OMS/cmsy/m/n/12 ^^A ^^@\OT1/cmr/m/n/12 1 \OMS/cmsy/m/n/12 ^^A ^^@\OT1/cmr/m/n/
12 1 \OMS/cmsy/m/n/12 ^^A ^^@\OT1/cmr/m/n/12 1 \OMS/cmsy/m/n/12 ^^A ^^@\OT1/cmr
/m/n/12 1 + [](10 \OMS/cmsy/m/n/12 ^^A \OML/cmm/m/it/12 x\OT1/cmr/m/n/12 ) \OMS
/cmsy/m/n/12 ^^A \OT1/cmr/m/n/12 10 \OMS/cmsy/m/n/12 ^^A ^^@\OT1/cmr/m/n/12 1 \
OMS/cmsy/m/n/12 ^^A \OT1/cmr/m/n/12 10 \OMS/cmsy/m/n/12 ^^A \OT1/cmr/m/n/12 10 
\OMS/cmsy/m/n/12 ^^A ^^@\OT1/cmr/m/n/12 1 \OMS/cmsy/m/n/12 ^^A \OT1/cmr/m/n/12 
10 \OMS/cmsy/m/n/12 ^^A \OT1/cmr/m/n/12 10 \OMS/cmsy/m/n/12 ^^A ^^@\OT1/cmr/m/n
/12 1 \OMS/cmsy/m/n/12 ^^A \OT1/cmr/m/n/12 10 \OMS/cmsy/m/n/12 ^^A \OT1/cmr/m/n
/12 10 \OMS/cmsy/m/n/12 ^^A ^^@\OT1/cmr/m/n/12 1 \OMS/cmsy/m/n/12 ^^A \OT1/cmr/
m/n/12 10 \OMS/cmsy/m/n/12 ^^A \OT1/cmr/m/n/12 10 \OMS/cmsy/m/n/12 ^^A ^^@\OT1/
cmr/m/n/12 1 \OMS/cmsy/m/n/12 ^^A \OT1/cmr/m/n/12 10 \OMS/cmsy/m/n/12 ^^A \OT1/
cmr/m/n/12 10 \OMS/cmsy/m/n/12 ^^A ^^@\OT1/cmr/m/n/12 1 \OMS/cmsy/m/n/12 ^^A \O
T1/cmr/m/n/12 10 \OMS/cmsy/m/n/12 ^^A \OT1/cmr/m/n/12 10
 []

File: memes/wolf3.jpg Graphic file (type jpg)
<use memes/wolf3.jpg>
Package pdftex.def Info: memes/wolf3.jpg  used on input line 9672.
(pdftex.def)             Requested size: 84.78793pt x 87.42877pt.
[112] [113] [114] [115] [116] [117] [118] [119] [120] [121] [122] [123]
[124] [125] [126] [127]
Overfull \hbox (33.00644pt too wide) detected at line 11111
\OT1/cmr/m/n/12 4 \OMS/cmsy/m/n/12 ^^A []\OT1/cmr/m/n/12 (\OML/cmm/m/it/12 x\OT
1/cmr/m/n/12 ) \OMS/cmsy/m/n/12 ^^A ^^@\OT1/cmr/m/n/12 1 \OMS/cmsy/m/n/12 ^^A ^
^@\OT1/cmr/m/n/12 1 \OMS/cmsy/m/n/12 ^^A ^^@\OT1/cmr/m/n/12 1 \OMS/cmsy/m/n/12 
^^A ^^@\OT1/cmr/m/n/12 1 \OMS/cmsy/m/n/12 ^^A ^^@\OT1/cmr/m/n/12 1 \OMS/cmsy/m/
n/12 ^^A ^^@\OT1/cmr/m/n/12 1 + [](10 \OMS/cmsy/m/n/12 ^^A \OML/cmm/m/it/12 x\O
T1/cmr/m/n/12 ) \OMS/cmsy/m/n/12 ^^A ^^@\OT1/cmr/m/n/12 1 \OMS/cmsy/m/n/12 ^^A 
\OT1/cmr/m/n/12 10 \OMS/cmsy/m/n/12 ^^A \OT1/cmr/m/n/12 10 \OMS/cmsy/m/n/12 ^^A
 ^^@\OT1/cmr/m/n/12 1 \OMS/cmsy/m/n/12 ^^A \OT1/cmr/m/n/12 10 \OMS/cmsy/m/n/12 
^^A \OT1/cmr/m/n/12 10 \OMS/cmsy/m/n/12 ^^A ^^@\OT1/cmr/m/n/12 1 \OMS/cmsy/m/n/
12 ^^A \OT1/cmr/m/n/12 10 \OMS/cmsy/m/n/12 ^^A \OT1/cmr/m/n/12 10 \OMS/cmsy/m/n
/12 ^^A ^^@\OT1/cmr/m/n/12 1 \OMS/cmsy/m/n/12 ^^A \OT1/cmr/m/n/12 10 \OMS/cmsy/
m/n/12 ^^A \OT1/cmr/m/n/12 10 \OMS/cmsy/m/n/12 ^^A ^^@\OT1/cmr/m/n/12 1 \OMS/cm
sy/m/n/12 ^^A \OT1/cmr/m/n/12 10 \OMS/cmsy/m/n/12 ^^A \OT1/cmr/m/n/12 10 \OMS/c
msy/m/n/12 ^^A ^^@\OT1/cmr/m/n/12 1 \OMS/cmsy/m/n/12 ^^A \OT1/cmr/m/n/12 10 \OM
S/cmsy/m/n/12 ^^A \OT1/cmr/m/n/12 10
 []


Underfull \hbox (badness 10000) in paragraph at lines 11135--11136

 []


Overfull \hbox (154.56154pt too wide) detected at line 11138
\OML/cmm/m/it/12 f[]\OT1/cmr/m/n/12 (\OML/cmm/m/it/12 x\OT1/cmr/m/n/12 ) = 4 \O
MS/cmsy/m/n/12 ^^A []\OT1/cmr/m/n/12 (\OML/cmm/m/it/12 x\OT1/cmr/m/n/12 ) \OMS/
cmsy/m/n/12 ^^A ^^@\OT1/cmr/m/n/12 1 \OMS/cmsy/m/n/12 ^^A ^^@\OT1/cmr/m/n/12 1 
\OMS/cmsy/m/n/12 ^^A ^^@\OT1/cmr/m/n/12 1 \OMS/cmsy/m/n/12 ^^A ^^@\OT1/cmr/m/n/
12 1 \OMS/cmsy/m/n/12 ^^A ^^@\OT1/cmr/m/n/12 1 \OMS/cmsy/m/n/12 ^^A ^^@\OT1/cmr
/m/n/12 1 \OMS/cmsy/m/n/12 ^^A ^^@\OT1/cmr/m/n/12 1 + [](10 \OMS/cmsy/m/n/12 ^^
A \OML/cmm/m/it/12 x\OT1/cmr/m/n/12 ) \OMS/cmsy/m/n/12 ^^A ^^@\OT1/cmr/m/n/12 1
 \OMS/cmsy/m/n/12 ^^A \OT1/cmr/m/n/12 10 \OMS/cmsy/m/n/12 ^^A \OT1/cmr/m/n/12 1
0 \OMS/cmsy/m/n/12 ^^A ^^@\OT1/cmr/m/n/12 1 \OMS/cmsy/m/n/12 ^^A \OT1/cmr/m/n/1
2 10 \OMS/cmsy/m/n/12 ^^A \OT1/cmr/m/n/12 10 \OMS/cmsy/m/n/12 ^^A ^^@\OT1/cmr/m
/n/12 1 \OMS/cmsy/m/n/12 ^^A \OT1/cmr/m/n/12 10 \OMS/cmsy/m/n/12 ^^A \OT1/cmr/m
/n/12 10 \OMS/cmsy/m/n/12 ^^A ^^@\OT1/cmr/m/n/12 1 \OMS/cmsy/m/n/12 ^^A \OT1/cm
r/m/n/12 10 \OMS/cmsy/m/n/12 ^^A \OT1/cmr/m/n/12 10 \OMS/cmsy/m/n/12 ^^A ^^@\OT
1/cmr/m/n/12 1 \OMS/cmsy/m/n/12 ^^A \OT1/cmr/m/n/12 10 \OMS/cmsy/m/n/12 ^^A \OT
1/cmr/m/n/12 10 \OMS/cmsy/m/n/12 ^^A ^^@\OT1/cmr/m/n/12 1 \OMS/cmsy/m/n/12 ^^A 
\OT1/cmr/m/n/12 10 \OMS/cmsy/m/n/12 ^^A \OT1/cmr/m/n/12 10 \OMS/cmsy/m/n/12 ^^A
 ^^@\OT1/cmr/m/n/12 1 \OMS/cmsy/m/n/12 ^^A \OT1/cmr/m/n/12 10 \OMS/cmsy/m/n/12 
^^A \OT1/cmr/m/n/12 10
 []

[128]
File: memes/wolf2.jpg Graphic file (type jpg)
<use memes/wolf2.jpg>
Package pdftex.def Info: memes/wolf2.jpg  used on input line 11148.
(pdftex.def)             Requested size: 84.78793pt x 77.64998pt.
 [129] [130] [131] [132] [133] [134] [135] [136] [137] [138] [139]
[140] [141] [142] [143] [144]
Overfull \hbox (50.70074pt too wide) detected at line 12638
\OT1/cmr/m/n/12 4 \OMS/cmsy/m/n/12 ^^A []\OT1/cmr/m/n/12 (\OML/cmm/m/it/12 x\OT
1/cmr/m/n/12 ) \OMS/cmsy/m/n/12 ^^A ^^@\OT1/cmr/m/n/12 1 \OMS/cmsy/m/n/12 ^^A ^
^@\OT1/cmr/m/n/12 1 \OMS/cmsy/m/n/12 ^^A ^^@\OT1/cmr/m/n/12 1 \OMS/cmsy/m/n/12 
^^A ^^@\OT1/cmr/m/n/12 1 \OMS/cmsy/m/n/12 ^^A ^^@\OT1/cmr/m/n/12 1 \OMS/cmsy/m/
n/12 ^^A ^^@\OT1/cmr/m/n/12 1 + [](10 \OMS/cmsy/m/n/12 ^^A \OML/cmm/m/it/12 x\O
T1/cmr/m/n/12 ) \OMS/cmsy/m/n/12 ^^A \OT1/cmr/m/n/12 10 \OMS/cmsy/m/n/12 ^^A ^^
@\OT1/cmr/m/n/12 1 \OMS/cmsy/m/n/12 ^^A \OT1/cmr/m/n/12 10 \OMS/cmsy/m/n/12 ^^A
 \OT1/cmr/m/n/12 10 \OMS/cmsy/m/n/12 ^^A ^^@\OT1/cmr/m/n/12 1 \OMS/cmsy/m/n/12 
^^A \OT1/cmr/m/n/12 10 \OMS/cmsy/m/n/12 ^^A \OT1/cmr/m/n/12 10 \OMS/cmsy/m/n/12
 ^^A ^^@\OT1/cmr/m/n/12 1 \OMS/cmsy/m/n/12 ^^A \OT1/cmr/m/n/12 10 \OMS/cmsy/m/n
/12 ^^A \OT1/cmr/m/n/12 10 \OMS/cmsy/m/n/12 ^^A ^^@\OT1/cmr/m/n/12 1 \OMS/cmsy/
m/n/12 ^^A \OT1/cmr/m/n/12 10 \OMS/cmsy/m/n/12 ^^A \OT1/cmr/m/n/12 10 \OMS/cmsy
/m/n/12 ^^A ^^@\OT1/cmr/m/n/12 1 \OMS/cmsy/m/n/12 ^^A \OT1/cmr/m/n/12 10 \OMS/c
msy/m/n/12 ^^A \OT1/cmr/m/n/12 10 \OMS/cmsy/m/n/12 ^^A ^^@\OT1/cmr/m/n/12 1 \OM
S/cmsy/m/n/12 ^^A \OT1/cmr/m/n/12 10 \OMS/cmsy/m/n/12 ^^A \OT1/cmr/m/n/12 10
 []


Underfull \hbox (badness 10000) in paragraph at lines 12662--12663

 []


Overfull \hbox (172.25584pt too wide) detected at line 12665
\OML/cmm/m/it/12 f[]\OT1/cmr/m/n/12 (\OML/cmm/m/it/12 x\OT1/cmr/m/n/12 ) = 4 \O
MS/cmsy/m/n/12 ^^A []\OT1/cmr/m/n/12 (\OML/cmm/m/it/12 x\OT1/cmr/m/n/12 ) \OMS/
cmsy/m/n/12 ^^A ^^@\OT1/cmr/m/n/12 1 \OMS/cmsy/m/n/12 ^^A ^^@\OT1/cmr/m/n/12 1 
\OMS/cmsy/m/n/12 ^^A ^^@\OT1/cmr/m/n/12 1 \OMS/cmsy/m/n/12 ^^A ^^@\OT1/cmr/m/n/
12 1 \OMS/cmsy/m/n/12 ^^A ^^@\OT1/cmr/m/n/12 1 \OMS/cmsy/m/n/12 ^^A ^^@\OT1/cmr
/m/n/12 1 \OMS/cmsy/m/n/12 ^^A ^^@\OT1/cmr/m/n/12 1 + [](10 \OMS/cmsy/m/n/12 ^^
A \OML/cmm/m/it/12 x\OT1/cmr/m/n/12 ) \OMS/cmsy/m/n/12 ^^A \OT1/cmr/m/n/12 10 \
OMS/cmsy/m/n/12 ^^A ^^@\OT1/cmr/m/n/12 1 \OMS/cmsy/m/n/12 ^^A \OT1/cmr/m/n/12 1
0 \OMS/cmsy/m/n/12 ^^A \OT1/cmr/m/n/12 10 \OMS/cmsy/m/n/12 ^^A ^^@\OT1/cmr/m/n/
12 1 \OMS/cmsy/m/n/12 ^^A \OT1/cmr/m/n/12 10 \OMS/cmsy/m/n/12 ^^A \OT1/cmr/m/n/
12 10 \OMS/cmsy/m/n/12 ^^A ^^@\OT1/cmr/m/n/12 1 \OMS/cmsy/m/n/12 ^^A \OT1/cmr/m
/n/12 10 \OMS/cmsy/m/n/12 ^^A \OT1/cmr/m/n/12 10 \OMS/cmsy/m/n/12 ^^A ^^@\OT1/c
mr/m/n/12 1 \OMS/cmsy/m/n/12 ^^A \OT1/cmr/m/n/12 10 \OMS/cmsy/m/n/12 ^^A \OT1/c
mr/m/n/12 10 \OMS/cmsy/m/n/12 ^^A ^^@\OT1/cmr/m/n/12 1 \OMS/cmsy/m/n/12 ^^A \OT
1/cmr/m/n/12 10 \OMS/cmsy/m/n/12 ^^A \OT1/cmr/m/n/12 10 \OMS/cmsy/m/n/12 ^^A ^^
@\OT1/cmr/m/n/12 1 \OMS/cmsy/m/n/12 ^^A \OT1/cmr/m/n/12 10 \OMS/cmsy/m/n/12 ^^A
 \OT1/cmr/m/n/12 10 \OMS/cmsy/m/n/12 ^^A ^^@\OT1/cmr/m/n/12 1 \OMS/cmsy/m/n/12 
^^A \OT1/cmr/m/n/12 10 \OMS/cmsy/m/n/12 ^^A \OT1/cmr/m/n/12 10
 []

[145]
File: memes/wolf1.jpg Graphic file (type jpg)
<use memes/wolf1.jpg>
Package pdftex.def Info: memes/wolf1.jpg  used on input line 12675.
(pdftex.def)             Requested size: 84.78793pt x 84.79044pt.
 [146] [147] [148] [149] [150] [151] [152] [153] [154] [155] [156]
[157] [158] [159] [160] [161] [162] [163]
Overfull \hbox (100.25616pt too wide) detected at line 14318
\OT1/cmr/m/n/12 4 \OMS/cmsy/m/n/12 ^^A []\OT1/cmr/m/n/12 (\OML/cmm/m/it/12 x\OT
1/cmr/m/n/12 ) \OMS/cmsy/m/n/12 ^^A ^^@\OT1/cmr/m/n/12 1 \OMS/cmsy/m/n/12 ^^A ^
^@\OT1/cmr/m/n/12 1 \OMS/cmsy/m/n/12 ^^A ^^@\OT1/cmr/m/n/12 1 \OMS/cmsy/m/n/12 
^^A ^^@\OT1/cmr/m/n/12 1 \OMS/cmsy/m/n/12 ^^A ^^@\OT1/cmr/m/n/12 1 \OMS/cmsy/m/
n/12 ^^A ^^@\OT1/cmr/m/n/12 1 \OMS/cmsy/m/n/12 ^^A ^^@\OT1/cmr/m/n/12 1 + [](10
 \OMS/cmsy/m/n/12 ^^A \OML/cmm/m/it/12 x\OT1/cmr/m/n/12 ) \OMS/cmsy/m/n/12 ^^A 
^^@\OT1/cmr/m/n/12 1 \OMS/cmsy/m/n/12 ^^A \OT1/cmr/m/n/12 10 \OMS/cmsy/m/n/12 ^
^A \OT1/cmr/m/n/12 10 \OMS/cmsy/m/n/12 ^^A ^^@\OT1/cmr/m/n/12 1 \OMS/cmsy/m/n/1
2 ^^A \OT1/cmr/m/n/12 10 \OMS/cmsy/m/n/12 ^^A \OT1/cmr/m/n/12 10 \OMS/cmsy/m/n/
12 ^^A ^^@\OT1/cmr/m/n/12 1 \OMS/cmsy/m/n/12 ^^A \OT1/cmr/m/n/12 10 \OMS/cmsy/m
/n/12 ^^A \OT1/cmr/m/n/12 10 \OMS/cmsy/m/n/12 ^^A ^^@\OT1/cmr/m/n/12 1 \OMS/cms
y/m/n/12 ^^A \OT1/cmr/m/n/12 10 \OMS/cmsy/m/n/12 ^^A \OT1/cmr/m/n/12 10 \OMS/cm
sy/m/n/12 ^^A ^^@\OT1/cmr/m/n/12 1 \OMS/cmsy/m/n/12 ^^A \OT1/cmr/m/n/12 10 \OMS
/cmsy/m/n/12 ^^A \OT1/cmr/m/n/12 10 \OMS/cmsy/m/n/12 ^^A ^^@\OT1/cmr/m/n/12 1 \
OMS/cmsy/m/n/12 ^^A \OT1/cmr/m/n/12 10 \OMS/cmsy/m/n/12 ^^A \OT1/cmr/m/n/12 10 
\OMS/cmsy/m/n/12 ^^A ^^@\OT1/cmr/m/n/12 1 \OMS/cmsy/m/n/12 ^^A \OT1/cmr/m/n/12 
10 \OMS/cmsy/m/n/12 ^^A \OT1/cmr/m/n/12 10
 []

[164]

! LaTeX Error: Command \Derivativea already defined.
               Or name \end... illegal, see p.192 of the manual.

See the LaTeX manual or LaTeX Companion for explanation.
Type  H <return>  for immediate help.
 ...                                              
                                                  
l.14339 ...cos(x) + \cos(10 \cdot x) \cdot 10 + 1}
                                                  
Your command was ignored.
Type  I <command> <return>  to replace it with another command,
or  <return>  to continue without it.


Package hyperref Warning: Token not allowed in a PDF string (Unicode):
(hyperref)                removing `math shift' on input line 14342.


Package hyperref Warning: Token not allowed in a PDF string (Unicode):
(hyperref)                removing `superscript' on input line 14342.


Package hyperref Warning: Token not allowed in a PDF string (Unicode):
(hyperref)                removing `math shift' on input line 14342.


Overfull \hbox (1450.85617pt too wide) detected at line 14359
\OML/cmm/m/it/12 f\OT1/cmr/m/n/12 (\OML/cmm/m/it/12 x\OT1/cmr/m/n/12 ) \OMS/cms
y/m/n/12 ^^Y \OT1/cmr/m/n/12 5\OML/cmm/m/it/12 :\OT1/cmr/m/n/12 57 + \OMS/cmsy/
m/n/12 ^^@\OT1/cmr/m/n/12 9 \OMS/cmsy/m/n/12 ^^A [][] \OT1/cmr/m/n/12 + [] + []
 + [] + [] + [] + [] + [] + [] + [] + [] + [] + [] + [] + [] + \OML/cmm/m/it/12
 o\OT1/cmr/m/n/12 (\OML/cmm/m/it/12 x \OMS/cmsy/m/n/12 ^^@ \OT1/cmr/m/n/12 1)[]

 []

File: memes/wolf4.jpg Graphic file (type jpg)
<use memes/wolf4.jpg>
Package pdftex.def Info: memes/wolf4.jpg  used on input line 14364.
(pdftex.def)             Requested size: 84.78793pt x 64.77676pt.

Package hyperref Warning: Token not allowed in a PDF string (Unicode):
(hyperref)                removing `math shift' on input line 14373.


Package hyperref Warning: Token not allowed in a PDF string (Unicode):
(hyperref)                removing `\cdot' on input line 14373.


Package hyperref Warning: Token not allowed in a PDF string (Unicode):
(hyperref)                removing `\sin' on input line 14373.


Package hyperref Warning: Token not allowed in a PDF string (Unicode):
(hyperref)                removing `\sin' on input line 14373.


Package hyperref Warning: Token not allowed in a PDF string (Unicode):
(hyperref)                removing `\cdot' on input line 14373.


Package hyperref Warning: Token not allowed in a PDF string (Unicode):
(hyperref)                removing `math shift' on input line 14373.

<funcgraphs/funcgraph0.png, id=828, 803.0pt x 602.25pt>
File: funcgraphs/funcgraph0.png Graphic file (type png)
<use funcgraphs/funcgraph0.png>
Package pdftex.def Info: funcgraphs/funcgraph0.png  used on input line 14376.
(pdftex.def)             Requested size: 284.52756pt x 213.4005pt.
[165]
<memes/memediff1.png, id=836, 208.3785pt x 223.43475pt>
File: memes/memediff1.png Graphic file (type png)
<use memes/memediff1.png>
Package pdftex.def Info: memes/memediff1.png  used on input line 14384.
(pdftex.def)             Requested size: 284.52756pt x 305.08778pt.
<memes/memediff2.jpg, id=838, 358.33875pt x 376.40625pt>
File: memes/memediff2.jpg Graphic file (type jpg)
<use memes/memediff2.jpg>
Package pdftex.def Info: memes/memediff2.jpg  used on input line 14406.
(pdftex.def)             Requested size: 284.52756pt x 298.89117pt.
 [166 <./funcgraphs/funcgraph0.png> <./memes/memediff1.png>] [167 <./memes/meme
diff2.jpg>] (latexdump/treelatexdumpEncoded.aux)
 ***********
LaTeX2e <2023-11-01> patch level 1
L3 programming layer <2024-01-22>
 ***********
Package rerunfilecheck Info: File `treelatexdumpEncoded.out' has not changed.
(rerunfilecheck)             Checksum: 3016B87AD94C41EBA2C10D5FF6716E68;5852.
 ) 
Here is how much of TeX's memory you used:
 27672 strings out of 475656
 532573 string characters out of 5787140
 1973975 words of memory out of 5000000
 49090 multiletter control sequences out of 15000+600000
 572537 words of font info for 78 fonts, out of 8000000 for 9000
 430 hyphenation exceptions out of 8191
 102i,7n,107p,3561b,1038s stack positions out of 10000i,1000n,20000p,200000b,200000s
 </home/hello/.texlive2023/texmf-var/fonts/pk/ljfour/lh/lh-t2a/labx1440.600pk
> </home/hello/.texlive2023/texmf-var/fonts/pk/ljfour/lh/lh-t2a/larm1200.600pk>
 </home/hello/.texlive2023/texmf-var/fonts/pk/ljfour/lh/lh-t2a/labx1200.600pk> 
</home/hello/.texlive2023/texmf-var/fonts/pk/ljfour/lh/lh-t2a/labx1728.600pk> <
/home/hello/.texlive2023/texmf-var/fonts/pk/ljfour/lh/lh-t2a/larm1440.600pk> </
home/hello/.texlive2023/texmf-var/fonts/pk/ljfour/lh/lh-t2a/larm2074.600pk></us
r/share/texlive/texmf-dist/fonts/type1/public/amsfonts/cm/cmex10.pfb></usr/shar
e/texlive/texmf-dist/fonts/type1/public/amsfonts/cm/cmmi12.pfb></usr/share/texl
ive/texmf-dist/fonts/type1/public/amsfonts/cm/cmmi8.pfb></usr/share/texlive/tex
mf-dist/fonts/type1/public/amsfonts/cm/cmr12.pfb></usr/share/texlive/texmf-dist
/fonts/type1/public/amsfonts/cm/cmr17.pfb></usr/share/texlive/texmf-dist/fonts/
type1/public/amsfonts/cm/cmr8.pfb></usr/share/texlive/texmf-dist/fonts/type1/pu
blic/amsfonts/cm/cmsy10.pfb></usr/share/texlive/texmf-dist/fonts/type1/public/a
msfonts/cm/cmsy8.pfb>
Output written on latexdump/treelatexdumpEncoded.pdf (167 pages, 927876 bytes).

PDF statistics:
 1218 PDF objects out of 1440 (max. 8388607)
 748 compressed objects within 8 object streams
 192 named destinations out of 1000 (max. 500000)
 232 words of extra memory for PDF output out of 10000 (max. 10000000)

